{
  "RSpec": {
    "coverage": {
      "/Users/abe/evergreen/spec/helper_spec.rb": [
        1,
        null,
        1,
        8,
        6,
        null,
        2,
        2,
        2,
        2,
        null,
        1,
        2,
        2,
        null,
        null,
        1,
        2,
        null,
        null,
        1,
        2,
        2,
        null,
        null
      ],
      "/Users/abe/evergreen/lib/evergreen/helper.rb": [
        1,
        1,
        null,
        1,
        null,
        1,
        109,
        109,
        null,
        null,
        1,
        208,
        null,
        null,
        1,
        207,
        null,
        null,
        1,
        102,
        51,
        51,
        null,
        51,
        null,
        null,
        1,
        null,
        1,
        2,
        null,
        null,
        null
      ],
      "/Users/abe/evergreen/spec/meta_spec.rb": [
        1,
        null,
        1,
        8,
        8,
        null,
        1,
        6,
        null,
        1,
        2,
        2,
        null,
        null,
        1,
        2,
        2,
        null,
        null,
        1,
        2,
        2,
        null,
        null,
        1,
        2,
        2,
        null,
        null,
        1,
        2,
        2,
        null,
        null,
        null,
        1,
        3,
        null,
        1,
        2,
        2,
        null,
        null,
        1,
        2,
        2,
        null,
        null,
        null,
        null
      ],
      "/Users/abe/evergreen/lib/evergreen/runner.rb": [
        1,
        1,
        1,
        1,
        75,
        null,
        null,
        1,
        243,
        null,
        null,
        1,
        30,
        21,
        21,
        21,
        21,
        21,
        null,
        null,
        null,
        null,
        1,
        1,
        null,
        1,
        46,
        46,
        null,
        null,
        1,
        428,
        null,
        null,
        1,
        299,
        null,
        null,
        1,
        3,
        3,
        3,
        3,
        null,
        null,
        1,
        null,
        46,
        null,
        46,
        null,
        46,
        122,
        122,
        122,
        122,
        122,
        null,
        null,
        46,
        46,
        null,
        46,
        75,
        null,
        241,
        null,
        null,
        1,
        9,
        null,
        null,
        1,
        256,
        null,
        null,
        1,
        39,
        null,
        null,
        1,
        75,
        51,
        null,
        null,
        null,
        null,
        1,
        null,
        1,
        13,
        null,
        null,
        1,
        10,
        null,
        null,
        1,
        3,
        null,
        3,
        3,
        3,
        3,
        3,
        3,
        null,
        null,
        3,
        3,
        3,
        3,
        null,
        null,
        1,
        78,
        null,
        null,
        1,
        57,
        null,
        null,
        1,
        27,
        null,
        null,
        1,
        39,
        null,
        null,
        1,
        6,
        78,
        null,
        null,
        null,
        1,
        428,
        null,
        null,
        1,
        3,
        null,
        null,
        1,
        null,
        1,
        60,
        null,
        null,
        null
      ],
      "/Users/abe/evergreen/spec/runner_spec.rb": [
        1,
        null,
        1,
        4,
        7,
        7,
        null,
        1,
        4,
        null,
        1,
        4,
        null,
        2,
        2,
        2,
        null,
        null,
        null,
        1,
        4,
        4,
        null,
        1,
        4,
        null,
        2,
        2,
        2,
        null,
        null,
        null
      ],
      "/Users/abe/evergreen/spec/spec_spec.rb": [
        1,
        null,
        1,
        9,
        7,
        null,
        2,
        2,
        2,
        2,
        2,
        null,
        1,
        2,
        2,
        null,
        null,
        1,
        2,
        null,
        null,
        1,
        2,
        2,
        null,
        null,
        null
      ],
      "/Users/abe/evergreen/lib/evergreen/spec.rb": [
        1,
        null,
        1,
        1,
        1,
        null,
        1,
        203,
        203,
        null,
        null,
        1,
        135,
        null,
        null,
        1,
        133,
        null,
        null,
        1,
        65,
        16,
        16,
        null,
        49,
        null,
        null,
        1,
        null,
        1,
        191,
        null,
        null,
        1,
        0,
        null,
        null,
        1,
        0,
        null,
        null,
        1,
        2,
        null,
        null,
        1,
        null,
        1,
        0,
        null,
        null,
        null
      ],
      "/Users/abe/evergreen/spec/suite_spec.rb": [
        1,
        null,
        1,
        5,
        null,
        2,
        null,
        1,
        3,
        2,
        2,
        null,
        null,
        1,
        1,
        1,
        null,
        null,
        null,
        1,
        1,
        1,
        null,
        null,
        null,
        1,
        1,
        1,
        null,
        null,
        null
      ],
      "/Users/abe/evergreen/lib/evergreen/suite.rb": [
        1,
        1,
        1,
        null,
        1,
        99,
        null,
        null,
        null,
        null,
        396,
        null,
        null,
        1,
        999,
        null,
        null,
        1,
        191,
        null,
        null,
        1,
        56,
        null,
        null,
        1,
        11,
        132,
        null,
        null,
        null,
        1,
        53,
        206,
        null,
        null,
        null,
        1,
        53,
        102,
        null,
        null,
        null,
        null
      ],
      "/Users/abe/evergreen/spec/template_spec.rb": [
        1,
        null,
        1,
        7,
        6,
        null,
        2,
        2,
        2,
        2,
        null,
        1,
        2,
        null,
        null,
        1,
        2,
        2,
        null,
        null,
        null,
        null,
        1,
        2,
        2,
        null,
        1,
        1,
        null,
        null
      ],
      "/Users/abe/evergreen/lib/evergreen/template.rb": [
        1,
        1,
        1,
        null,
        1,
        213,
        213,
        null,
        null,
        1,
        208,
        null,
        null,
        1,
        207,
        null,
        null,
        1,
        204,
        null,
        1,
        null,
        1,
        203,
        null,
        null,
        1,
        2,
        null,
        null,
        null,
        null
      ],
      "/Users/abe/evergreen/spec/suite2/config/evergreen.rb": [
        1,
        1,
        1,
        1,
        null
      ]
    },
    "timestamp": 1370591209
  }
}
